INFO:root:get_html异常, r.status_code=0url:www.123456.com
INFO:root:get_html异常, url：www.12345678910.com
INFO:root:20170926210132      get_html 异常,     url：www.12345678910.com
INFO:root:20170926210757      get_html 异常,     url：www.12345678910.com
INFO:root:20170926210903      get_html 异常,     url：www.12345678910.com
INFO:root:20170926213822      get_html 异常,     url：http://sh.lianjia.com/ershoufang/d17
INFO:root:20170926220501      get_html 异常,     url：www.1234567.com
INFO:root:20170926220521      get_html 异常,     url：www.1234567.com
INFO:root:20170926220546      get_html 异常,     url：www.1234567.com
INFO:root:20170926220551      get_html 异常,     url：www.1234567.com
INFO:root:20170926220628      get_html 异常,     url：www.1234567.com
INFO:root:20170926221303      get_html 异常,     url：http://sh.lianjia.com/ershoufang/d1
INFO:root:20170926221529      get_html 异常,     url：http://sh.lianjia.com/ershoufang/d6
INFO:root:20170926221529      get None,  i=：http://sh.lianjia.com/ershoufang/d6
INFO:root:20170926222004      get_html 异常,     url：http://sh.lianjia.com/ershoufang/d21
INFO:root:20170926222004      get None,  i=：http://sh.lianjia.com/ershoufang/d21
INFO:root:20170926222041      get_html 异常,     url：http://sh.lianjia.com/ershoufang/d22
INFO:root:20170926222041      get None,  i=：http://sh.lianjia.com/ershoufang/d22
INFO:root:20170926222144      get_html 异常,     url：http://sh.lianjia.com/ershoufang/d26
INFO:root:20170926222144      get None,  i=：http://sh.lianjia.com/ershoufang/d26
INFO:root:20170926222500      get_html 异常,     url：http://sh.lianjia.com/ershoufang/d37
INFO:root:20170926222500      get None,  i=：http://sh.lianjia.com/ershoufang/d37
INFO:root:20170926224038      get_html 异常,     url：http://sh.lianjia.com/ershoufang/d98
INFO:root:20170926224038      get None,  i=：http://sh.lianjia.com/ershoufang/d98
INFO:root:20170926231426      get_html 异常,     url：www.1234567.com
INFO:root:20170926231426      get_html 异常,     url：www.1234567.com
INFO:root:20170926231426      get_html 异常,     url：www.1234567.com
INFO:root:20170926231426      get_html 异常,     url：www.1234567.com
INFO:root:20170926231426      get_html 异常,     url：www.1234567.com
INFO:root:20170926231426      get_html 异常,     url：www.1234567.com
